⚠ [8168/8235] Replayed YangMills.KP.PinnedWalk
warning: YangMills/KP/PinnedWalk.lean:107:51: This simp argument is unused:
  zero_mul

Hint: Omit it from the simp argument list.
  simp only [Option.elim_none, Option.elim_some, zero_m̵u̵l̵,̵ ̵z̵e̵r̵o̵_̵add] at key

Note: This linter can be disabled with `set_option linter.unusedSimpArgs false`
warning: YangMills/KP/PinnedWalk.lean:107:61: This simp argument is unused:
  zero_add

Hint: Omit it from the simp argument list.
  simp only [Option.elim_none, Option.elim_some, zero_mul,̵ ̵z̵e̵r̵o̵_̵a̵d̵d̵] at key

Note: This linter can be disabled with `set_option linter.unusedSimpArgs false`
⚠ [8188/8235] Replayed YangMills.L1_GibbsMeasure.CenterInvariance
warning: YangMills/L1_GibbsMeasure/CenterInvariance.lean:57:0: automatically included section variable(s) unused in theorem `YangMills.centerAct_apply_pos`:
  [MeasurableSpace G]
consider restructuring your `variable` declarations so that the variables are not in scope or explicitly omit them:
  omit [MeasurableSpace G] in theorem ...

Note: This linter can be disabled with `set_option linter.unusedSectionVars false`
warning: YangMills/L1_GibbsMeasure/CenterInvariance.lean:108:0: automatically included section variable(s) unused in theorem `YangMills.wilsonLine_center_smul_of_mem`:
  [MeasurableSpace G]
consider restructuring your `variable` declarations so that the variables are not in scope or explicitly omit them:
  omit [MeasurableSpace G] in theorem ...

Note: This linter can be disabled with `set_option linter.unusedSectionVars false`
⚠ [8189/8235] Replayed YangMills.L1_GibbsMeasure.PolymerExpansion
warning: YangMills/L1_GibbsMeasure/PolymerExpansion.lean:138:0: automatically included section variable(s) unused in theorem `YangMills.config_apply_neg`:
  [MeasurableSpace G]
consider restructuring your `variable` declarations so that the variables are not in scope or explicitly omit them:
  omit [MeasurableSpace G] in theorem ...

Note: This linter can be disabled with `set_option linter.unusedSectionVars false`
warning: YangMills/L1_GibbsMeasure/PolymerExpansion.lean:405:10: This simp argument is unused:
  measure_univ

Hint: Omit it from the simp argument list.
  simp ̵[̵m̵e̵a̵s̵u̵r̵e̵_̵u̵n̵i̵v̵]̵

Note: This linter can be disabled with `set_option linter.unusedSimpArgs false`
⚠ [8200/8235] Replayed YangMills.KP.SharpShell
warning: YangMills/KP/SharpShell.lean:404:23: `Fin.coe_castSucc` has been deprecated: Use `Fin.val_castSucc` instead
warning: YangMills/KP/SharpShell.lean:491:4: Try this: intro pl _ hadm
⚠ [8206/8235] Replayed YangMills.KP.Restriction
warning: YangMills/KP/Restriction.lean:33:14: unused variable `X`

Note: This linter can be disabled with `set_option linter.unusedVariables false`
warning: YangMills/KP/Restriction.lean:33:16: unused variable `Y`

Note: This linter can be disabled with `set_option linter.unusedVariables false`
warning: YangMills/KP/Restriction.lean:34:14: unused variable `X`

Note: This linter can be disabled with `set_option linter.unusedVariables false`
⚠ [8216/8235] Replayed YangMills.Paper.ClusteringToGap
warning: YangMills/Paper/ClusteringToGap.lean:204:9: unused variable `d`

Note: This linter can be disabled with `set_option linter.unusedVariables false`
warning: YangMills/Paper/ClusteringToGap.lean:214:9: unused variable `d`

Note: This linter can be disabled with `set_option linter.unusedVariables false`
warning: YangMills/Paper/ClusteringToGap.lean:219:19: unused variable `d`

Note: This linter can be disabled with `set_option linter.unusedVariables false`
Build completed successfully (8235 jobs).
